Base path: D:/Unity/Editor/Data
Pipe name: \\.\pipe\UnityShaderCompiler-4-5940
Cmd: getPlatforms
Cmd: compileSnippet
  api=4 type=1 insize=1770 outsize=1290 kw= ok=1
Cmd: compileSnippet
  api=0 type=0 insize=1381 outsize=441 kw= ok=1
Cmd: compileSnippet
  api=0 type=1 insize=1381 outsize=585 kw= ok=1
Cmd: compileSnippet
  api=4 type=0 insize=2154 outsize=2078 kw= ok=1
Cmd: compileSnippet
  api=4 type=1 insize=2154 outsize=1632 kw= ok=1
Cmd: compileSnippet
  api=4 type=0 insize=1788 outsize=1697 kw= ok=1
Cmd: compileSnippet
  api=4 type=1 insize=1788 outsize=1290 kw= ok=1
Cmd: compileSnippet
  api=4 type=0 insize=2219 outsize=2078 kw= ok=1
Cmd: compileSnippet
  api=8 type=0 insize=1852 outsize=2430 kw= ok=1
Cmd: compileSnippet
  api=4 type=1 insize=1852 outsize=1250 kw= ok=1
Cmd: compileSnippet
  api=4 type=0 insize=924 outsize=1193 kw= ok=1
Cmd: compileSnippet
  api=8 type=1 insize=924 outsize=1113 kw= ok=1
Cmd: compileSnippet
  api=4 type=0 insize=2137 outsize=2078 kw= ok=1
Cmd: compileSnippet
  api=4 type=1 insize=2137 outsize=1632 kw= ok=1
Cmd: compileSnippet
  api=8 type=0 insize=1329 outsize=1950 kw= ok=1
Cmd: compileSnippet
  api=8 type=1 insize=1329 outsize=1682 kw= ok=1
Cmd: compileSnippet
  api=4 type=0 insize=1252 outsize=1388 kw= ok=1
Cmd: compileSnippet
  api=8 type=1 insize=1252 outsize=1715 kw= ok=1
Cmd: compileSnippet
  api=4 type=1 insize=1237 outsize=1168 kw= ok=1
Cmd: compileSnippet
  api=4 type=0 insize=2284 outsize=2078 kw= ok=1
Cmd: compileSnippet
  api=4 type=1 insize=2284 outsize=2257 kw= ok=1
Cmd: compileSnippet
  api=8 type=0 insize=942 outsize=1690 kw= ok=1
Cmd: compileSnippet
  api=8 type=0 insize=1051 outsize=1690 kw= ok=1
Cmd: compileSnippet
  api=4 type=1 insize=1051 outsize=1363 kw= ok=1
Cmd: compileSnippet
  api=4 type=0 insize=1917 outsize=1697 kw= ok=1
Cmd: compileSnippet
  api=4 type=1 insize=1917 outsize=1916 kw= ok=1
Unhandled exception: Readfile from pipe failed. GLE=Die Pipe wurde beendet.


Quitting shader compiler process
