Base path: D:/Unity/Editor/Data
Pipe name: \\.\pipe\UnityShaderCompiler-3-7960
Cmd: getPlatforms
Cmd: compileSnippet
  api=8 type=0 insize=901 outsize=1690 kw= ok=1
Cmd: compileSnippet
  api=4 type=1 insize=901 outsize=754 kw= ok=1
Cmd: compileSnippet
  api=8 type=0 insize=1770 outsize=2430 kw= ok=1
Cmd: compileSnippet
  api=8 type=0 insize=1381 outsize=1950 kw= ok=1
Cmd: compileSnippet
  api=8 type=0 insize=1788 outsize=2430 kw= ok=1
Cmd: compileSnippet
  api=4 type=1 insize=2219 outsize=1591 kw= ok=1
Cmd: compileSnippet
  api=4 type=0 insize=1852 outsize=1697 kw= ok=1
Cmd: compileSnippet
  api=4 type=1 insize=924 outsize=795 kw= ok=1
Cmd: compileSnippet
  api=8 type=0 insize=2137 outsize=2958 kw= ok=1
Cmd: compileSnippet
  api=8 type=1 insize=2137 outsize=2592 kw= ok=1
Cmd: compileSnippet
  api=4 type=0 insize=1329 outsize=1388 kw= ok=1
Cmd: compileSnippet
  api=4 type=1 insize=1329 outsize=1128 kw= ok=1
Cmd: compileSnippet
  api=8 type=0 insize=1252 outsize=1950 kw= ok=1
Cmd: compileSnippet
  api=8 type=0 insize=1237 outsize=1950 kw= ok=1
Cmd: compileSnippet
  api=8 type=1 insize=1237 outsize=1690 kw= ok=1
Cmd: compileSnippet
  api=8 type=0 insize=2284 outsize=2958 kw= ok=1
Cmd: compileSnippet
  api=8 type=1 insize=2284 outsize=3494 kw= ok=1
Cmd: compileSnippet
  api=4 type=0 insize=942 outsize=1193 kw= ok=1
Cmd: compileSnippet
  api=8 type=1 insize=942 outsize=1048 kw= ok=1
Cmd: compileSnippet
  api=8 type=1 insize=1051 outsize=2015 kw= ok=1
Unhandled exception: Readfile from pipe failed. GLE=Die Pipe wurde beendet.


Quitting shader compiler process
